<?xml version="1.0" encoding="UTF-8"?>
<testsuite xmlns:xsi="http://www.w3.org/2001/XMLSchema-instance" xsi:schemaLocation="https://maven.apache.org/surefire/maven-surefire-plugin/xsd/surefire-test-report.xsd" name="com.tkmdpa.taf.AcceptanceTestSuite" time="146.745" tests="30" errors="0" skipped="0" failures="0">
  <properties>
    <property name="java.runtime.name" value="Java(TM) SE Runtime Environment"/>
    <property name="sun.boot.library.path" value="c:\Program Files\Java\jdk1.8.0_131\jre\bin"/>
    <property name="java.vm.version" value="25.131-b11"/>
    <property name="java.vm.vendor" value="Oracle Corporation"/>
    <property name="maven.multiModuleProjectDirectory" value="c:\Work\Tm\ticketmaster-api-staging.github.io\tests\serenity"/>
    <property name="java.vendor.url" value="http://java.oracle.com/"/>
    <property name="path.separator" value=";"/>
    <property name="guice.disable.misplaced.annotation.check" value="true"/>
    <property name="java.vm.name" value="Java HotSpot(TM) 64-Bit Server VM"/>
    <property name="file.encoding.pkg" value="sun.io"/>
    <property name="user.script" value=""/>
    <property name="user.country" value="US"/>
    <property name="sun.java.launcher" value="SUN_STANDARD"/>
    <property name="sun.os.patch.level" value=""/>
    <property name="java.vm.specification.name" value="Java Virtual Machine Specification"/>
    <property name="user.dir" value="c:\Work\Tm\ticketmaster-api-staging.github.io\tests\serenity"/>
    <property name="java.runtime.version" value="1.8.0_131-b11"/>
    <property name="java.awt.graphicsenv" value="sun.awt.Win32GraphicsEnvironment"/>
    <property name="java.endorsed.dirs" value="c:\Program Files\Java\jdk1.8.0_131\jre\lib\endorsed"/>
    <property name="os.arch" value="amd64"/>
    <property name="java.io.tmpdir" value="C:\Users\OLEKSA~1\AppData\Local\Temp\"/>
    <property name="line.separator" value="&#10;"/>
    <property name="java.vm.specification.vendor" value="Oracle Corporation"/>
    <property name="user.variant" value=""/>
    <property name="os.name" value="Windows 10"/>
    <property name="classworlds.conf" value="C:\apache-maven-3.5.0\bin\..\bin\m2.conf"/>
    <property name="sun.jnu.encoding" value="Cp1252"/>
    <property name="java.library.path" value="c:\Program Files\Java\jdk1.8.0_131\bin;C:\WINDOWS\Sun\Java\bin;C:\WINDOWS\system32;C:\WINDOWS;C:\ProgramData\Oracle\Java\javapath;C:\WINDOWS\system32;C:\WINDOWS;C:\WINDOWS\System32\Wbem;C:\WINDOWS\System32\WindowsPowerShell\v1.0\;C:\Program Files\TortoiseSVN\bin;C:\Program Files\nodejs\;C:\Program Files\Git\cmd;C:\Program Files (x86)\Skype\Phone\;C:\Program Files\TortoiseGit\bin;C:\apache-maven-3.5.0\bin;c:\Program Files\Java\jdk1.8.0_131\bin;C:\Ruby23-x64\bin;C:\Users\Oleksandr_Kovalov\AppData\Local\Microsoft\WindowsApps;C:\Users\Oleksandr_Kovalov\AppData\Roaming\npm;C:\Program Files (x86)\Microsoft VS Code\bin;."/>
    <property name="maven.conf" value="C:\apache-maven-3.5.0\bin\../conf"/>
    <property name="java.specification.name" value="Java Platform API Specification"/>
    <property name="java.class.version" value="52.0"/>
    <property name="sun.management.compiler" value="HotSpot 64-Bit Tiered Compilers"/>
    <property name="os.version" value="10.0"/>
    <property name="library.jansi.path" value="C:\apache-maven-3.5.0\bin\..\lib\jansi-native\windows64"/>
    <property name="user.home" value="C:\Users\Oleksandr_Kovalov"/>
    <property name="user.timezone" value="Europe/Helsinki"/>
    <property name="java.awt.printerjob" value="sun.awt.windows.WPrinterJob"/>
    <property name="java.specification.version" value="1.8"/>
    <property name="file.encoding" value="Cp1252"/>
    <property name="metafilter" value="+debug"/>
    <property name="user.name" value="Oleksandr_Kovalov"/>
    <property name="java.class.path" value="C:\apache-maven-3.5.0\bin\..\boot\plexus-classworlds-2.5.2.jar"/>
    <property name="java.vm.specification.version" value="1.8"/>
    <property name="sun.arch.data.model" value="64"/>
    <property name="java.home" value="c:\Program Files\Java\jdk1.8.0_131\jre"/>
    <property name="sun.java.command" value="org.codehaus.plexus.classworlds.launcher.Launcher clean verify -Dmetafilter=+debug"/>
    <property name="java.specification.vendor" value="Oracle Corporation"/>
    <property name="user.language" value="en"/>
    <property name="awt.toolkit" value="sun.awt.windows.WToolkit"/>
    <property name="java.vm.info" value="mixed mode"/>
    <property name="java.version" value="1.8.0_131"/>
    <property name="java.ext.dirs" value="c:\Program Files\Java\jdk1.8.0_131\jre\lib\ext;C:\WINDOWS\Sun\Java\lib\ext"/>
    <property name="sun.boot.class.path" value="c:\Program Files\Java\jdk1.8.0_131\jre\lib\resources.jar;c:\Program Files\Java\jdk1.8.0_131\jre\lib\rt.jar;c:\Program Files\Java\jdk1.8.0_131\jre\lib\sunrsasign.jar;c:\Program Files\Java\jdk1.8.0_131\jre\lib\jsse.jar;c:\Program Files\Java\jdk1.8.0_131\jre\lib\jce.jar;c:\Program Files\Java\jdk1.8.0_131\jre\lib\charsets.jar;c:\Program Files\Java\jdk1.8.0_131\jre\lib\jfr.jar;c:\Program Files\Java\jdk1.8.0_131\jre\classes"/>
    <property name="sun.stderr.encoding" value="cp437"/>
    <property name="java.vendor" value="Oracle Corporation"/>
    <property name="maven.home" value="C:\apache-maven-3.5.0\bin\.."/>
    <property name="file.separator" value="\"/>
    <property name="java.vendor.url.bug" value="http://bugreport.sun.com/bugreport/"/>
    <property name="sun.cpu.endian" value="little"/>
    <property name="sun.io.unicode.encoding" value="UnicodeLittle"/>
    <property name="sun.stdout.encoding" value="cp437"/>
    <property name="sun.desktop" value="windows"/>
    <property name="sun.cpu.isalist" value="amd64"/>
  </properties>
  <testcase name="BeforeStories" classname="java.lang.Object" time="1.297"/>
  <testcase name="Given open Widgets page" classname="com.tkmdpa.taf.definitions.products_and_docs.PD_WidgetsDefinition" time="7.512"/>
  <testcase name="Then check general page elements for Widgets Page, where DISQUS = false and LeftMenu = true" classname="com.tkmdpa.taf.definitions.products_and_docs.PD_WidgetsDefinition" time="10.596"/>
  <testcase name="Scenario: |/products-and-docs/widgets/| Verification for general page&apos;s elements" classname="Scenario: |/products-and-docs/widgets/| Verification for general page&apos;s elements" time="11.688"/>
  <testcase name="Given open Widgets page​" classname="com.tkmdpa.taf.definitions.products_and_docs.PD_WidgetsDefinition" time="5.842"/>
  <testcase name="When check visibility and click DirectPaymentButton element of Widgets page" classname="com.tkmdpa.taf.definitions.products_and_docs.PD_WidgetsDefinition" time="1.015"/>
  <testcase name="Then check that new page opened from Direct Payment Button has has appropriate url" classname="com.tkmdpa.taf.definitions.products_and_docs.PD_WidgetsDefinition" time="3.216"/>
  <testcase name="Scenario: |/products-and-docs/widgets/| Verification for Direct Payment Button element" classname="Scenario: |/products-and-docs/widgets/| Verification for Direct Payment Button element" time="4.164"/>
  <testcase name="Given open Widgets page​​" classname="com.tkmdpa.taf.definitions.products_and_docs.PD_WidgetsDefinition" time="5.106"/>
  <testcase name="When check visibility and click &lt;elementKey&gt; element of Widgets page" classname="com.tkmdpa.taf.definitions.products_and_docs.PD_WidgetsDefinition" time="6.773"/>
  <testcase name="Then check that new page opened from Widgets page has &lt;pageURL&gt; and &lt;pageTitle&gt;" classname="com.tkmdpa.taf.definitions.products_and_docs.PD_WidgetsDefinition" time="0.043"/>
  <testcase name="Given open Widgets page​​​" classname="com.tkmdpa.taf.definitions.products_and_docs.PD_WidgetsDefinition" time="5.028"/>
  <testcase name="When check visibility and click &lt;elementKey&gt; element of Widgets page​" classname="com.tkmdpa.taf.definitions.products_and_docs.PD_WidgetsDefinition" time="7.943"/>
  <testcase name="Then check that new page opened from Widgets page has &lt;pageURL&gt; and &lt;pageTitle&gt;​" classname="com.tkmdpa.taf.definitions.products_and_docs.PD_WidgetsDefinition" time="0.029"/>
  <testcase name="Given open Widgets page​​​​" classname="com.tkmdpa.taf.definitions.products_and_docs.PD_WidgetsDefinition" time="5.184"/>
  <testcase name="When check visibility and click &lt;elementKey&gt; element of Widgets page​​" classname="com.tkmdpa.taf.definitions.products_and_docs.PD_WidgetsDefinition" time="2.363"/>
  <testcase name="Then check that new page opened from Widgets page has &lt;pageURL&gt; and &lt;pageTitle&gt;​​" classname="com.tkmdpa.taf.definitions.products_and_docs.PD_WidgetsDefinition" time="0.776"/>
  <testcase name="Given open Widgets page​​​​​" classname="com.tkmdpa.taf.definitions.products_and_docs.PD_WidgetsDefinition" time="5.405"/>
  <testcase name="When check visibility and click &lt;elementKey&gt; element of Widgets page​​​" classname="com.tkmdpa.taf.definitions.products_and_docs.PD_WidgetsDefinition" time="4.065"/>
  <testcase name="Then check that new page opened from Widgets page has &lt;pageURL&gt; and &lt;pageTitle&gt;​​​" classname="com.tkmdpa.taf.definitions.products_and_docs.PD_WidgetsDefinition" time="0.79"/>
  <testcase name="Given open Widgets page​​​​​​" classname="com.tkmdpa.taf.definitions.products_and_docs.PD_WidgetsDefinition" time="5.666"/>
  <testcase name="When check visibility and click &lt;elementKey&gt; element of Widgets page​​​​" classname="com.tkmdpa.taf.definitions.products_and_docs.PD_WidgetsDefinition" time="2.227"/>
  <testcase name="Then check that new page opened from Widgets page has &lt;pageURL&gt; and &lt;pageTitle&gt;​​​​" classname="com.tkmdpa.taf.definitions.products_and_docs.PD_WidgetsDefinition" time="0.068"/>
  <testcase name="Scenario: |/products-and-docs/widgets/| Verification for all the page&apos;s links" classname="Scenario: |/products-and-docs/widgets/| Verification for all the page&apos;s links" time="0.881"/>
  <testcase name="PD_Widgets.story" classname="PD_Widgets.story" time="0.885"/>
  <testcase name="Given open Blogs page" classname="com.tkmdpa.taf.definitions.site.BlogsDefinition" time="5.027"/>
  <testcase name="Then check general page elements for page, where DISQUS = false and LeftMenu = false" classname="com.tkmdpa.taf.definitions.site.BlogsDefinition" time="40.512"/>
  <testcase name="Scenario: |/blogs/| Verification for general page&apos;s elements" classname="Scenario: |/blogs/| Verification for general page&apos;s elements" time="41.327"/>
  <testcase name="Blogs.story" classname="Blogs.story" time="41.329"/>
  <testcase name="AfterStories" classname="java.lang.Object" time="2.477"/>
</testsuite>